<?xml version="1.0" encoding="UTF-8"?>
<!-- Generated by org.testng.reporters.JUnitReportReporter -->
<testsuite skipped="0" hostname="LAPTOP-NRJRIRP9" name="org.test.Testparallel2" tests="5" failures="0" timestamp="23 Jan 2022 09:41:01 GMT" time="0.064" errors="0">
  <testcase name="tp5" time="0.020" classname="org.test.Testparallel2"/>
  <testcase name="tp1" time="0.014" classname="org.test.Testparallel2"/>
  <testcase name="tp3" time="0.014" classname="org.test.Testparallel2"/>
  <testcase name="tp4" time="0.002" classname="org.test.Testparallel2"/>
  <testcase name="tp2" time="0.014" classname="org.test.Testparallel2"/>
</testsuite> <!-- org.test.Testparallel2 -->
