<?xml version="1.0" encoding="UTF-8"?>
<!-- Generated by org.testng.reporters.JUnitReportReporter -->
<testsuite skipped="0" hostname="LAPTOP-NRJRIRP9" name="org.test.Testprallel" tests="5" failures="0" timestamp="23 Jan 2022 09:41:01 GMT" time="0.012" errors="0">
  <testcase name="tc5" time="0.001" classname="org.test.Testprallel"/>
  <testcase name="tc3" time="0.002" classname="org.test.Testprallel"/>
  <testcase name="tc4" time="0.002" classname="org.test.Testprallel"/>
  <testcase name="tc1" time="0.002" classname="org.test.Testprallel"/>
  <testcase name="tc2" time="0.005" classname="org.test.Testprallel"/>
</testsuite> <!-- org.test.Testprallel -->
